c:\users\admin\documents\myckelespe\abr-sep22\estructura de datos\proyectos\mecanica\mecanica\x64\debug\vc143.pdb
c:\users\admin\documents\myckelespe\abr-sep22\estructura de datos\proyectos\mecanica\mecanica\x64\debug\vc143.idb
c:\users\admin\documents\myckelespe\abr-sep22\estructura de datos\proyectos\mecanica\mecanica\x64\debug\persona.obj
c:\users\admin\documents\myckelespe\abr-sep22\estructura de datos\proyectos\mecanica\mecanica\x64\debug\operacionesm.obj
c:\users\admin\documents\myckelespe\abr-sep22\estructura de datos\proyectos\mecanica\mecanica\x64\debug\nodom.obj
c:\users\admin\documents\myckelespe\abr-sep22\estructura de datos\proyectos\mecanica\mecanica\x64\debug\nodoa.obj
c:\users\admin\documents\myckelespe\abr-sep22\estructura de datos\proyectos\mecanica\mecanica\x64\debug\nodo.obj
c:\users\admin\documents\myckelespe\abr-sep22\estructura de datos\proyectos\mecanica\mecanica\x64\debug\menuoptionm.obj
c:\users\admin\documents\myckelespe\abr-sep22\estructura de datos\proyectos\mecanica\mecanica\x64\debug\menum.obj
c:\users\admin\documents\myckelespe\abr-sep22\estructura de datos\proyectos\mecanica\mecanica\x64\debug\matricula.obj
c:\users\admin\documents\myckelespe\abr-sep22\estructura de datos\proyectos\mecanica\mecanica\x64\debug\main.obj
c:\users\admin\documents\myckelespe\abr-sep22\estructura de datos\proyectos\mecanica\mecanica\x64\debug\listam.obj
c:\users\admin\documents\myckelespe\abr-sep22\estructura de datos\proyectos\mecanica\mecanica\x64\debug\listadopersonas.obj
c:\users\admin\documents\myckelespe\abr-sep22\estructura de datos\proyectos\mecanica\mecanica\x64\debug\listadomatricula.obj
c:\users\admin\documents\myckelespe\abr-sep22\estructura de datos\proyectos\mecanica\mecanica\x64\debug\listadoautos.obj
c:\users\admin\documents\myckelespe\abr-sep22\estructura de datos\proyectos\mecanica\mecanica\x64\debug\listaauto.obj
c:\users\admin\documents\myckelespe\abr-sep22\estructura de datos\proyectos\mecanica\mecanica\x64\debug\lista.obj
c:\users\admin\documents\myckelespe\abr-sep22\estructura de datos\proyectos\mecanica\mecanica\x64\debug\fecha.obj
c:\users\admin\documents\myckelespe\abr-sep22\estructura de datos\proyectos\mecanica\mecanica\x64\debug\easybmp.obj
c:\users\admin\documents\myckelespe\abr-sep22\estructura de datos\proyectos\mecanica\mecanica\x64\debug\b_tree.obj
c:\users\admin\documents\myckelespe\abr-sep22\estructura de datos\proyectos\mecanica\mecanica\x64\debug\auto.obj
c:\users\admin\documents\myckelespe\abr-sep22\estructura de datos\proyectos\mecanica\mecanica\x64\debug\aplicacion.obj
c:\users\admin\documents\myckelespe\abr-sep22\estructura de datos\proyectos\mecanica\mecanica\x64\debug\validar.obj
c:\users\admin\documents\myckelespe\abr-sep22\estructura de datos\proyectos\mecanica\mecanica\x64\debug\t_node.obj
c:\users\admin\documents\myckelespe\abr-sep22\estructura de datos\proyectos\mecanica\mecanica\x64\debug\mecanica.ilk
c:\users\admin\documents\myckelespe\abr-sep22\estructura de datos\proyectos\mecanica\mecanica\x64\debug\mecanica.exe
c:\users\admin\documents\myckelespe\abr-sep22\estructura de datos\proyectos\mecanica\mecanica\x64\debug\mecanica.pdb
c:\users\admin\documents\myckelespe\abr-sep22\estructura de datos\proyectos\mecanica\mecanica\x64\debug\mecanica.tlog\cl.command.1.tlog
c:\users\admin\documents\myckelespe\abr-sep22\estructura de datos\proyectos\mecanica\mecanica\x64\debug\mecanica.tlog\cl.read.1.tlog
c:\users\admin\documents\myckelespe\abr-sep22\estructura de datos\proyectos\mecanica\mecanica\x64\debug\mecanica.tlog\cl.write.1.tlog
c:\users\admin\documents\myckelespe\abr-sep22\estructura de datos\proyectos\mecanica\mecanica\x64\debug\mecanica.tlog\link.command.1.tlog
c:\users\admin\documents\myckelespe\abr-sep22\estructura de datos\proyectos\mecanica\mecanica\x64\debug\mecanica.tlog\link.read.1.tlog
c:\users\admin\documents\myckelespe\abr-sep22\estructura de datos\proyectos\mecanica\mecanica\x64\debug\mecanica.tlog\link.write.1.tlog
