C:\Program Files\Microsoft Visual Studio\2022\Community\MSBuild\Microsoft\VC\v170\Microsoft.CppBuild.targets(514,5): warning MSB8028: El directorio intermedio (x64\Debug\) contiene archivos compartidos de otro proyecto (Mecanica.vcxproj, Taller Registro y Matricula.vcxproj). Esto puede dar lugar a un comportamiento incorrecto de limpieza y recompilación.
  Aplicacion.cpp
  B_Tree.cpp
C:\Users\Admin\Documents\MyckelEspe\Abr-Sep22\Estructura de datos\Repositorios\Proyecto-Estrucutura-\Proyecto Arbol B\B_Tree.cpp(98,36): warning C4018: '<': no coinciden signed/unsigned
C:\Users\Admin\Documents\MyckelEspe\Abr-Sep22\Estructura de datos\Repositorios\Proyecto-Estrucutura-\Proyecto Arbol B\B_Tree.cpp(156,46): warning C4018: '<': no coinciden signed/unsigned
C:\Users\Admin\Documents\MyckelEspe\Abr-Sep22\Estructura de datos\Repositorios\Proyecto-Estrucutura-\Proyecto Arbol B\B_Tree.cpp(196,22): warning C4018: '<': no coinciden signed/unsigned
C:\Users\Admin\Documents\MyckelEspe\Abr-Sep22\Estructura de datos\Repositorios\Proyecto-Estrucutura-\Proyecto Arbol B\B_Tree.cpp(203,47): warning C4018: '<': no coinciden signed/unsigned
C:\Users\Admin\Documents\MyckelEspe\Abr-Sep22\Estructura de datos\Repositorios\Proyecto-Estrucutura-\Proyecto Arbol B\B_Tree.cpp(269,12): warning C4018: '<': no coinciden signed/unsigned
C:\Users\Admin\Documents\MyckelEspe\Abr-Sep22\Estructura de datos\Repositorios\Proyecto-Estrucutura-\Proyecto Arbol B\B_Tree.cpp(272,45): warning C4018: '<': no coinciden signed/unsigned
C:\Users\Admin\Documents\MyckelEspe\Abr-Sep22\Estructura de datos\Repositorios\Proyecto-Estrucutura-\Proyecto Arbol B\B_Tree.cpp(284,46): warning C4018: '<': no coinciden signed/unsigned
C:\Users\Admin\Documents\MyckelEspe\Abr-Sep22\Estructura de datos\Repositorios\Proyecto-Estrucutura-\Proyecto Arbol B\B_Tree.cpp(319,21): warning C4018: '<': no coinciden signed/unsigned
C:\Users\Admin\Documents\MyckelEspe\Abr-Sep22\Estructura de datos\Repositorios\Proyecto-Estrucutura-\Proyecto Arbol B\B_Tree.cpp(325,21): warning C4018: '<': no coinciden signed/unsigned
C:\Users\Admin\Documents\MyckelEspe\Abr-Sep22\Estructura de datos\Repositorios\Proyecto-Estrucutura-\Proyecto Arbol B\B_Tree.cpp(385,31): warning C4018: '<': no coinciden signed/unsigned
C:\Users\Admin\Documents\MyckelEspe\Abr-Sep22\Estructura de datos\Repositorios\Proyecto-Estrucutura-\Proyecto Arbol B\B_Tree.cpp(389,31): warning C4018: '<': no coinciden signed/unsigned
C:\Users\Admin\Documents\MyckelEspe\Abr-Sep22\Estructura de datos\Repositorios\Proyecto-Estrucutura-\Proyecto Arbol B\B_Tree.cpp(450,15): warning C4018: '<': no coinciden signed/unsigned
C:\Users\Admin\Documents\MyckelEspe\Abr-Sep22\Estructura de datos\Repositorios\Proyecto-Estrucutura-\Proyecto Arbol B\B_Tree.cpp(520,30): warning C4018: '<': no coinciden signed/unsigned
C:\Users\Admin\Documents\MyckelEspe\Abr-Sep22\Estructura de datos\Repositorios\Proyecto-Estrucutura-\Proyecto Arbol B\B_Tree.cpp(529,16): warning C4018: '<': no coinciden signed/unsigned
C:\Users\Admin\Documents\MyckelEspe\Abr-Sep22\Estructura de datos\Repositorios\Proyecto-Estrucutura-\Proyecto Arbol B\B_Tree.cpp(597,21): warning C4244: '=': conversión de 'double' a 'int'; posible pérdida de datos
C:\Users\Admin\Documents\MyckelEspe\Abr-Sep22\Estructura de datos\Repositorios\Proyecto-Estrucutura-\Proyecto Arbol B\B_Tree.cpp(692,28): warning C4018: '<': no coinciden signed/unsigned
C:\Users\Admin\Documents\MyckelEspe\Abr-Sep22\Estructura de datos\Repositorios\Proyecto-Estrucutura-\Proyecto Arbol B\B_Tree.cpp(591,10): warning C4101: 'tmp': variable local sin referencia
C:\Users\Admin\Documents\MyckelEspe\Abr-Sep22\Estructura de datos\Repositorios\Proyecto-Estrucutura-\Proyecto Arbol B\B_Tree.cpp(726,21): warning C4018: '<': no coinciden signed/unsigned
C:\Users\Admin\Documents\MyckelEspe\Abr-Sep22\Estructura de datos\Repositorios\Proyecto-Estrucutura-\Proyecto Arbol B\B_Tree.cpp(732,36): warning C4018: '<': no coinciden signed/unsigned
  EasyBMP.cpp
C:\Users\Admin\Documents\MyckelEspe\Abr-Sep22\Estructura de datos\Repositorios\Proyecto-Estrucutura-\Proyecto Arbol B\EasyBMP.cpp(994,13): warning C4101: 'ZeroWORD': variable local sin referencia
  main.cpp
C:\Users\Admin\Documents\MyckelEspe\Abr-Sep22\Estructura de datos\Repositorios\Proyecto-Estrucutura-\Proyecto Arbol B\marquesina.h(45,29): warning C4838: la conversión de 'int' en 'SHORT' requiere una conversión de restricción
C:\Users\Admin\Documents\MyckelEspe\Abr-Sep22\Estructura de datos\Repositorios\Proyecto-Estrucutura-\Proyecto Arbol B\main.cpp(61,10): warning C4101: 'opcion': variable local sin referencia
C:\Users\Admin\Documents\MyckelEspe\Abr-Sep22\Estructura de datos\Repositorios\Proyecto-Estrucutura-\Proyecto Arbol B\main.cpp(63,10): warning C4101: 'fin': variable local sin referencia
C:\Users\Admin\Documents\MyckelEspe\Abr-Sep22\Estructura de datos\Repositorios\Proyecto-Estrucutura-\Proyecto Arbol B\main.cpp(63,15): warning C4101: 'encontrado': variable local sin referencia
C:\Users\Admin\Documents\MyckelEspe\Abr-Sep22\Estructura de datos\Repositorios\Proyecto-Estrucutura-\Proyecto Arbol B\main.cpp(62,9): warning C4101: 'num': variable local sin referencia
C:\Users\Admin\Documents\MyckelEspe\Abr-Sep22\Estructura de datos\Repositorios\Proyecto-Estrucutura-\Proyecto Arbol B\main.cpp(142,9): warning C4101: 'cant': variable local sin referencia
  MenuM.cpp
  MenuOptionM.cpp
  T_Node.cpp
  Validar.cpp
C:\Users\Admin\Documents\MyckelEspe\Abr-Sep22\Estructura de datos\Repositorios\Proyecto-Estrucutura-\Proyecto Arbol B\Validar.cpp(100,9): warning C4101: 'temp': variable local sin referencia
C:\Users\Admin\Documents\MyckelEspe\Abr-Sep22\Estructura de datos\Repositorios\Proyecto-Estrucutura-\Proyecto Arbol B\Validar.cpp(155,18): warning C4834: se descarta el valor devuelto de la función con el atributo "nodiscard"
  Generando código...
  Taller Registro y Matricula.vcxproj -> C:\Users\Admin\Documents\MyckelEspe\Abr-Sep22\Estructura de datos\Repositorios\Proyecto-Estrucutura-\Proyecto Arbol B\x64\Debug\Arboles.exe
